<?xml version="1.0" encoding="UTF-8"?>
<testsuite xmlns:xsi="http://www.w3.org/2001/XMLSchema-instance" xsi:noNamespaceSchemaLocation="https://maven.apache.org/surefire/maven-surefire-plugin/xsd/surefire-test-report.xsd" name="test.HelloTest" time="0.095" tests="1" errors="0" skipped="0" failures="0">
  <properties>
    <property name="sun.desktop" value="windows"/>
    <property name="awt.toolkit" value="sun.awt.windows.WToolkit"/>
    <property name="file.encoding.pkg" value="sun.io"/>
    <property name="java.specification.version" value="1.8"/>
    <property name="sun.cpu.isalist" value="amd64"/>
    <property name="sun.jnu.encoding" value="GBK"/>
    <property name="java.class.path" value="D:\All_Study\Java\All_projects\IdeaProjects\05frameWork\01Mybatis\target\test-classes;D:\All_Study\Java\All_projects\IdeaProjects\05frameWork\01Mybatis\target\classes;D:\All_Study\Java\WorkingSoft\Maven\maven_repository\org\mybatis\mybatis\3.4.5\mybatis-3.4.5.jar;D:\All_Study\Java\WorkingSoft\Maven\maven_repository\mysql\mysql-connector-java\8.0.11\mysql-connector-java-8.0.11.jar;D:\All_Study\Java\WorkingSoft\Maven\maven_repository\com\google\protobuf\protobuf-java\2.6.0\protobuf-java-2.6.0.jar;D:\All_Study\Java\WorkingSoft\Maven\maven_repository\log4j\log4j\1.2.12\log4j-1.2.12.jar;D:\All_Study\Java\WorkingSoft\Maven\maven_repository\junit\junit\4.13\junit-4.13.jar;D:\All_Study\Java\WorkingSoft\Maven\maven_repository\org\hamcrest\hamcrest-core\1.3\hamcrest-core-1.3.jar;"/>
    <property name="java.vm.vendor" value="Oracle Corporation"/>
    <property name="sun.arch.data.model" value="64"/>
    <property name="user.variant" value=""/>
    <property name="java.vendor.url" value="http://java.oracle.com/"/>
    <property name="user.timezone" value=""/>
    <property name="java.vm.specification.version" value="1.8"/>
    <property name="os.name" value="Windows 10"/>
    <property name="user.country" value="CN"/>
    <property name="sun.java.launcher" value="SUN_STANDARD"/>
    <property name="sun.boot.library.path" value="D:\All_Study\Java\WorkingSoft\jdk\Java8\jdk1.8.0_231\jre\bin"/>
    <property name="sun.java.command" value="C:\Users\Administrator\AppData\Local\Temp\surefire5872776162219292469\surefirebooter6697113712304067048.jar C:\Users\Administrator\AppData\Local\Temp\surefire5872776162219292469 2020-05-30T11-16-48_620-jvmRun1 surefire3991925018956568946tmp surefire_04740679732065863930tmp"/>
    <property name="surefire.test.class.path" value="D:\All_Study\Java\All_projects\IdeaProjects\05frameWork\01Mybatis\target\test-classes;D:\All_Study\Java\All_projects\IdeaProjects\05frameWork\01Mybatis\target\classes;D:\All_Study\Java\WorkingSoft\Maven\maven_repository\org\mybatis\mybatis\3.4.5\mybatis-3.4.5.jar;D:\All_Study\Java\WorkingSoft\Maven\maven_repository\mysql\mysql-connector-java\8.0.11\mysql-connector-java-8.0.11.jar;D:\All_Study\Java\WorkingSoft\Maven\maven_repository\com\google\protobuf\protobuf-java\2.6.0\protobuf-java-2.6.0.jar;D:\All_Study\Java\WorkingSoft\Maven\maven_repository\log4j\log4j\1.2.12\log4j-1.2.12.jar;D:\All_Study\Java\WorkingSoft\Maven\maven_repository\junit\junit\4.13\junit-4.13.jar;D:\All_Study\Java\WorkingSoft\Maven\maven_repository\org\hamcrest\hamcrest-core\1.3\hamcrest-core-1.3.jar;"/>
    <property name="sun.cpu.endian" value="little"/>
    <property name="user.home" value="C:\Users\Administrator"/>
    <property name="user.language" value="zh"/>
    <property name="java.specification.vendor" value="Oracle Corporation"/>
    <property name="java.home" value="D:\All_Study\Java\WorkingSoft\jdk\Java8\jdk1.8.0_231\jre"/>
    <property name="basedir" value="D:\All_Study\Java\All_projects\IdeaProjects\05frameWork\01Mybatis"/>
    <property name="file.separator" value="\"/>
    <property name="line.separator" value="&#10;"/>
    <property name="java.vm.specification.vendor" value="Oracle Corporation"/>
    <property name="java.specification.name" value="Java Platform API Specification"/>
    <property name="java.awt.graphicsenv" value="sun.awt.Win32GraphicsEnvironment"/>
    <property name="surefire.real.class.path" value="C:\Users\Administrator\AppData\Local\Temp\surefire5872776162219292469\surefirebooter6697113712304067048.jar"/>
    <property name="sun.boot.class.path" value="D:\All_Study\Java\WorkingSoft\jdk\Java8\jdk1.8.0_231\jre\lib\resources.jar;D:\All_Study\Java\WorkingSoft\jdk\Java8\jdk1.8.0_231\jre\lib\rt.jar;D:\All_Study\Java\WorkingSoft\jdk\Java8\jdk1.8.0_231\jre\lib\sunrsasign.jar;D:\All_Study\Java\WorkingSoft\jdk\Java8\jdk1.8.0_231\jre\lib\jsse.jar;D:\All_Study\Java\WorkingSoft\jdk\Java8\jdk1.8.0_231\jre\lib\jce.jar;D:\All_Study\Java\WorkingSoft\jdk\Java8\jdk1.8.0_231\jre\lib\charsets.jar;D:\All_Study\Java\WorkingSoft\jdk\Java8\jdk1.8.0_231\jre\lib\jfr.jar;D:\All_Study\Java\WorkingSoft\jdk\Java8\jdk1.8.0_231\jre\classes"/>
    <property name="user.script" value=""/>
    <property name="sun.management.compiler" value="HotSpot 64-Bit Tiered Compilers"/>
    <property name="java.runtime.version" value="1.8.0_231-b11"/>
    <property name="user.name" value="Administrator"/>
    <property name="path.separator" value=";"/>
    <property name="os.version" value="10.0"/>
    <property name="java.endorsed.dirs" value="D:\All_Study\Java\WorkingSoft\jdk\Java8\jdk1.8.0_231\jre\lib\endorsed"/>
    <property name="java.runtime.name" value="Java(TM) SE Runtime Environment"/>
    <property name="file.encoding" value="GBK"/>
    <property name="java.vm.name" value="Java HotSpot(TM) 64-Bit Server VM"/>
    <property name="idea.version2020.1" value="true"/>
    <property name="localRepository" value="D:\All_Study\Java\WorkingSoft\Maven\maven_repository"/>
    <property name="java.vendor.url.bug" value="http://bugreport.sun.com/bugreport/"/>
    <property name="java.io.tmpdir" value="C:\Users\Administrator\AppData\Local\Temp\"/>
    <property name="java.version" value="1.8.0_231"/>
    <property name="user.dir" value="D:\All_Study\Java\All_projects\IdeaProjects\05frameWork\01Mybatis"/>
    <property name="os.arch" value="amd64"/>
    <property name="java.vm.specification.name" value="Java Virtual Machine Specification"/>
    <property name="java.awt.printerjob" value="sun.awt.windows.WPrinterJob"/>
    <property name="sun.os.patch.level" value=""/>
    <property name="java.library.path" value="D:\All_Study\Java\WorkingSoft\jdk\Java8\jdk1.8.0_231\jre\bin;C:\Windows\Sun\Java\bin;C:\Windows\system32;C:\Windows;D:\All_Study\Java\WorkingSoft\jdk\Java8\jdk1.8.0_231\jre\bin;D:\All_Study\Java\WorkingSoft\jdk\Java8\jdk1.8.0_231\bin;D:\All_Study\Java\WorkingSoft\mysql\mysql-8.0.19-winx64\bin;D:\All_Study\Java\WorkingSoft\Maven\apache-maven-3.5.2\bin;C:\Program Files (x86)\Common Files\Oracle\Java\javapath;C:\Windows\system32;C:\Windows;C:\Windows\System32\Wbem;C:\Windows\System32\WindowsPowerShell\v1.0\;C:\Windows\System32\OpenSSH\;D:\All_Study\python\Python3.7.7\Scripts\;D:\All_Study\python\Python3.7.7\;C:\Users\Administrator\AppData\Local\Microsoft\WindowsApps;C:\Program Files\Bandizip\;;."/>
    <property name="java.vm.info" value="mixed mode"/>
    <property name="java.vendor" value="Oracle Corporation"/>
    <property name="java.vm.version" value="25.231-b11"/>
    <property name="java.ext.dirs" value="D:\All_Study\Java\WorkingSoft\jdk\Java8\jdk1.8.0_231\jre\lib\ext;C:\Windows\Sun\Java\lib\ext"/>
    <property name="sun.io.unicode.encoding" value="UnicodeLittle"/>
    <property name="java.class.version" value="52.0"/>
  </properties>
  <testcase name="test" classname="test.HelloTest" time="0.006"/>
</testsuite>